<?xml version="1.0" encoding="UTF-8"?>
<!-- Generated by org.testng.reporters.JUnitReportReporter -->
<testsuite skipped="0" hostname="LT-SUKR" name="com.demo.runner.TestRunner" tests="2" failures="0" timestamp="02 Sep 2022 19:34:58 GMT" time="28.579" errors="0">
  <testcase name="runScenario" time="22.019" classname="com.demo.runner.TestRunner"/>
  <testcase name="runScenario" time="6.560" classname="com.demo.runner.TestRunner"/>
</testsuite> <!-- com.demo.runner.TestRunner -->
